<?xml version="1.0" encoding="UTF-8"?>
<!-- Generated by org.testng.reporters.JUnitReportReporter -->
<testsuite hostname="home-PC" name="com.jbk.snap" tests="1" failures="0" timestamp="22 Nov 2019 15:16:26 GMT" time="30.195" errors="0">
  <testcase name="f" time="30.195" classname="com.jbk.snap"/>
</testsuite> <!-- com.jbk.snap -->
